<?xml version="1.0" encoding="utf-8"?><testsuites name="pytest tests"><testsuite name="pytest" errors="0" failures="0" skipped="0" tests="4" time="0.734" timestamp="2026-05-18T17:05:14.163106+00:00" hostname="agent-env-6c996903-1874-45af-9291-2968ee663666"><testcase classname="backend.tests.test_leads_api" name="test_create_lead_and_verify_persistence" time="0.222" /><testcase classname="backend.tests.test_leads_api" name="test_create_lead_rejects_invalid_email" time="0.128" /><testcase classname="backend.tests.test_leads_api" name="test_create_lead_rejects_short_message" time="0.136" /><testcase classname="backend.tests.test_leads_api" name="test_get_leads_items_have_expected_keys" time="0.106" /></testsuite></testsuites>